<?xml version="1.0" encoding="UTF-8"?>
<!-- Generated by org.testng.reporters.JUnitReportReporter -->
<testsuite hostname="LAPTOP-73JHDUTB" failures="0" tests="1" name="coverFoxTest.CF_TC556_Validaate_Pincode_Error_Msg" time="13.191" errors="0" timestamp="2024-02-18T21:32:06 IST" skipped="0">
  <testcase classname="coverFoxTest.CF_TC556_Validaate_Pincode_Error_Msg" name="Validaate_Pincode_Error_Msg" time="13.191">
    <system-out>
      <![CDATA[Validating pinCode Error msg
TC is passed]]>
    </system-out>
  </testcase> <!-- Validaate_Pincode_Error_Msg -->
  <system-out>
    <![CDATA[launching driver
clicking gender button
clicking on next button
handling dropdown button
clicking on next button
entering mobile
click on continue
Validating pinCode Error msg
TC is passed
closing browser
closing driver]]>
  </system-out>
</testsuite> <!-- coverFoxTest.CF_TC556_Validaate_Pincode_Error_Msg -->
