<?xml version="1.0" encoding="UTF-8"?>
<!-- Generated by org.testng.reporters.JUnitReportReporter -->
<testsuite hostname="LAPTOP-73JHDUTB" failures="0" tests="1" name="coverFoxTest.CF_TC555_validate_search_result_for_healthcare_policies" time="24.127" errors="0" timestamp="2024-01-18T23:57:08 IST" skipped="0">
  <testcase classname="coverFoxTest.CF_TC555_validate_search_result_for_healthcare_policies" name="validateTestPlansFromTextAndBanner" time="24.127">
    <system-out>
      <![CDATA[fetching number of result from text
fetching number of result from banner
TC passed
Taking Screenshot
saved screenshot atD:\Sonali\screenshot\coverfoxscreenshotCF_TC555_2024.01.18.23.57.05.png]]>
    </system-out>
  </testcase> <!-- validateTestPlansFromTextAndBanner -->
  <system-out>
    <![CDATA[launching driver
clicking gender button
clicking on next button
handling dropdown button
clicking on next button
entering pin
entering mobile
click on continue
fetching number of result from text
fetching number of result from banner
TC passed
Taking Screenshot
saved screenshot atD:\Sonali\screenshot\coverfoxscreenshotCF_TC555_2024.01.18.23.57.05.png
closing browser]]>
  </system-out>
</testsuite> <!-- coverFoxTest.CF_TC555_validate_search_result_for_healthcare_policies -->
